<?xml version="1.0" encoding="UTF-8"?>
<testsuite xmlns:xsi="http://www.w3.org/2001/XMLSchema-instance" xsi:noNamespaceSchemaLocation="https://maven.apache.org/surefire/maven-surefire-plugin/xsd/surefire-test-report.xsd" name="com.zkn.springboot.exercise.service.BeanPostProcessorTest" time="0.035" tests="1" errors="0" skipped="0" failures="0">
  <properties>
[...]
</properties>
  <testcase name="testInterfaces" classname="com.zkn.springboot.exercise.service.BeanPostProcessorTest" time="0.004"/>
</testsuite>